Performing C SOURCE FILE Test CMAKE_HAVE_LIBC_PTHREAD failed with the following output:
Change Dir: /home/csprofs/neftaliw/lab04/build/CMakeFiles/CMakeTmp

Run Build Command(s):/usr/bin/gmake -f Makefile cmTC_e6b3d/fast && /usr/bin/gmake  -f CMakeFiles/cmTC_e6b3d.dir/build.make CMakeFiles/cmTC_e6b3d.dir/build
gmake[1]: Entering directory '/home/csprofs/neftaliw/lab04/build/CMakeFiles/CMakeTmp'
Building C object CMakeFiles/cmTC_e6b3d.dir/src.c.o
/usr/bin/gcc -DCMAKE_HAVE_LIBC_PTHREAD   -o CMakeFiles/cmTC_e6b3d.dir/src.c.o -c /home/csprofs/neftaliw/lab04/build/CMakeFiles/CMakeTmp/src.c
Linking C executable cmTC_e6b3d
/usr/bin/cmake -E cmake_link_script CMakeFiles/cmTC_e6b3d.dir/link.txt --verbose=1
/usr/bin/gcc CMakeFiles/cmTC_e6b3d.dir/src.c.o -o cmTC_e6b3d 
CMakeFiles/cmTC_e6b3d.dir/src.c.o: In function `main':
src.c:(.text+0x2d): undefined reference to `pthread_create'
src.c:(.text+0x39): undefined reference to `pthread_detach'
src.c:(.text+0x45): undefined reference to `pthread_cancel'
src.c:(.text+0x56): undefined reference to `pthread_join'
collect2: error: ld returned 1 exit status
gmake[1]: *** [CMakeFiles/cmTC_e6b3d.dir/build.make:99: cmTC_e6b3d] Error 1
gmake[1]: Leaving directory '/home/csprofs/neftaliw/lab04/build/CMakeFiles/CMakeTmp'
gmake: *** [Makefile:127: cmTC_e6b3d/fast] Error 2


Source file was:
#include <pthread.h>

static void* test_func(void* data)
{
  return data;
}

int main(void)
{
  pthread_t thread;
  pthread_create(&thread, NULL, test_func, NULL);
  pthread_detach(thread);
  pthread_cancel(thread);
  pthread_join(thread, NULL);
  pthread_atfork(NULL, NULL, NULL);
  pthread_exit(NULL);

  return 0;
}

Determining if the function pthread_create exists in the pthreads failed with the following output:
Change Dir: /home/csprofs/neftaliw/lab04/build/CMakeFiles/CMakeTmp

Run Build Command(s):/usr/bin/gmake -f Makefile cmTC_cfc1b/fast && /usr/bin/gmake  -f CMakeFiles/cmTC_cfc1b.dir/build.make CMakeFiles/cmTC_cfc1b.dir/build
gmake[1]: Entering directory '/home/csprofs/neftaliw/lab04/build/CMakeFiles/CMakeTmp'
Building C object CMakeFiles/cmTC_cfc1b.dir/CheckFunctionExists.c.o
/usr/bin/gcc   -DCHECK_FUNCTION_EXISTS=pthread_create -o CMakeFiles/cmTC_cfc1b.dir/CheckFunctionExists.c.o -c /usr/share/cmake/Modules/CheckFunctionExists.c
Linking C executable cmTC_cfc1b
/usr/bin/cmake -E cmake_link_script CMakeFiles/cmTC_cfc1b.dir/link.txt --verbose=1
/usr/bin/gcc  -DCHECK_FUNCTION_EXISTS=pthread_create CMakeFiles/cmTC_cfc1b.dir/CheckFunctionExists.c.o -o cmTC_cfc1b  -lpthreads 
/usr/bin/ld: cannot find -lpthreads
collect2: error: ld returned 1 exit status
gmake[1]: *** [CMakeFiles/cmTC_cfc1b.dir/build.make:99: cmTC_cfc1b] Error 1
gmake[1]: Leaving directory '/home/csprofs/neftaliw/lab04/build/CMakeFiles/CMakeTmp'
gmake: *** [Makefile:127: cmTC_cfc1b/fast] Error 2



